<?xml version="1.0" encoding="UTF-8"?>
<!-- Generated by org.testng.reporters.JUnitXMLReporter -->
<testsuite hostname="LAPTOP-G761GEVU" ignored="0" name="search Image" tests="2" failures="0" timestamp="22 Jun 2019 11:14:24 GMT" time="25.449" errors="0">
  <testcase name="verifySearchresultText" time="7.645" classname="bunningsWishList.testCases.TC_BunningsWishList"/>
  <testcase name="verifyProductAddedToWishlist" time="4.204" classname="bunningsWishList.testCases.TC_BunningsWishList"/>
</testsuite> <!-- search Image -->
