<?xml version="1.0" encoding="UTF-8"?>
<!-- Generated by org.testng.reporters.JUnitXMLReporter -->
<testsuite hostname="LAPTOP-G761GEVU" ignored="0" name="WishList" tests="2" failures="0" timestamp="31 Jul 2019 04:09:44 GMT" time="43.36" errors="0">
  <testcase name="verifySearchresultText" time="15.237" classname="bunningsWishList.testCases.TC_BunningsWishList"/>
  <testcase name="verifyProductAddedToWishlist" time="5.96" classname="bunningsWishList.testCases.TC_BunningsWishList"/>
</testsuite> <!-- WishList -->
