<?xml version="1.0" encoding="UTF-8"?>
<!-- Generated by org.testng.reporters.JUnitXMLReporter -->
<testsuite hostname="LAPTOP-G761GEVU" ignored="0" name="WishList" tests="2" failures="0" timestamp="22 Jun 2019 12:36:28 GMT" time="27.157" errors="0">
  <testcase name="verifySearchresultText" time="7.444" classname="bunningsWishList.testCases.TC_BunningsWishList"/>
  <testcase name="verifyProductAddedToWishlist" time="5.048" classname="bunningsWishList.testCases.TC_BunningsWishList"/>
</testsuite> <!-- WishList -->
