<?xml version="1.0" encoding="UTF-8"?>
<testng-results skipped="0" failed="0" ignored="0" total="2" passed="2">
  <reporter-output>
  </reporter-output>
  <suite name="Bunnings WishList" duration-ms="43360" started-at="2019-07-31T04:09:00Z" finished-at="2019-07-31T04:09:44Z">
    <groups>
    </groups>
    <test name="WishList" duration-ms="43360" started-at="2019-07-31T04:09:00Z" finished-at="2019-07-31T04:09:44Z">
      <class name="bunningsWishList.testCases.TC_BunningsWishList">
        <test-method status="PASS" signature="setup(java.lang.String)[pri:0, instance:bunningsWishList.testCases.TC_BunningsWishList@5f2108b5]" name="setup" is-config="true" duration-ms="21177" started-at="2019-07-31T04:09:00Z" finished-at="2019-07-31T04:09:21Z">
          <params>
            <param index="0">
              <value>
                <![CDATA[chrome]]>
              </value>
            </param>
          </params>
          <reporter-output>
          </reporter-output>
        </test-method> <!-- setup -->
        <test-method status="PASS" signature="verifySearchresultText()[pri:1, instance:bunningsWishList.testCases.TC_BunningsWishList@5f2108b5]" name="verifySearchresultText" duration-ms="15237" started-at="2019-07-31T04:09:21Z" finished-at="2019-07-31T04:09:37Z">
          <reporter-output>
          </reporter-output>
        </test-method> <!-- verifySearchresultText -->
        <test-method status="PASS" signature="verifyProductAddedToWishlist()[pri:2, instance:bunningsWishList.testCases.TC_BunningsWishList@5f2108b5]" name="verifyProductAddedToWishlist" duration-ms="5960" started-at="2019-07-31T04:09:37Z" finished-at="2019-07-31T04:09:43Z">
          <reporter-output>
          </reporter-output>
        </test-method> <!-- verifyProductAddedToWishlist -->
        <test-method status="PASS" signature="closeBrowser()[pri:0, instance:bunningsWishList.testCases.TC_BunningsWishList@5f2108b5]" name="closeBrowser" is-config="true" duration-ms="925" started-at="2019-07-31T04:09:43Z" finished-at="2019-07-31T04:09:44Z">
          <reporter-output>
          </reporter-output>
        </test-method> <!-- closeBrowser -->
      </class> <!-- bunningsWishList.testCases.TC_BunningsWishList -->
    </test> <!-- WishList -->
  </suite> <!-- Bunnings WishList -->
</testng-results>
